\BOOKMARK [1][-]{section.1}{\376\377\000O\000z\000n\000a\000c\000z\000e\000n\000i\000a}{}% 1
\BOOKMARK [1][-]{section.2}{\376\377\000M\000e\000t\000o\000d\000a}{}% 2
\BOOKMARK [1][-]{section.3}{\376\377\000O\000c\000z\000e\000k\000i\000w\000a\000n\000a\000\040\000l\000i\000c\000z\000b\000a\000\040\000K\000_\0005}{}% 3
\BOOKMARK [2][-]{subsection.3.1}{\376\377\000P\000r\000z\000y\000k\001\102\000a\000d\000o\000w\000e\000\040\000K\000_\000a\000,\000b\000,\000c\000,\000d\000,\000e\000\040\000d\000l\000a\000\040\000m\000=\0004}{section.3}% 4
\BOOKMARK [2][-]{subsection.3.2}{\376\377\000W\000y\000z\000n\000a\000c\000z\000a\000n\000i\000e\000\040\000l\000i\000c\000z\000b\000y\000\040\000K\000_\000a\000,\000b\000,\000c\000,\000d\000,\000e}{section.3}% 5
\BOOKMARK [2][-]{subsection.3.3}{\376\377\000W\000y\000z\000n\000a\000c\000z\000a\000n\000i\000e\000\040\000p\000r\000a\000w\000d\000o\000p\000o\000d\000o\000b\000i\000e\001\104\000s\000t\000w\000a\000\040\000p\000_\000K\000_\000a\000,\000b\000,\000c\000,\000d\000,\000e}{section.3}% 6
\BOOKMARK [2][-]{subsection.3.4}{\376\377\000W\000y\000z\000n\000a\000c\000z\000a\000n\000i\000e\000\040\000o\000c\000z\000e\000k\000i\000w\000a\000n\000e\000j\000\040\000l\000i\000c\000z\000b\000y\000\040\000K\000_\0005}{section.3}% 7
\BOOKMARK [2][-]{subsection.3.5}{\376\377\000E\000k\000s\000p\000e\000r\000y\000m\000e\000n\000t}{section.3}% 8
\BOOKMARK [1][-]{section.4}{\376\377\000O\000c\000z\000e\000k\000i\000w\000a\000n\000a\000\040\000l\000i\000c\000z\000b\000a\000\040\000K\000_\0003\000,\0003}{}% 9
\BOOKMARK [2][-]{subsection.4.1}{\376\377\000P\000r\000z\000y\000k\001\102\000a\000d\000o\000w\000e\000\040\000K\000_\000a\000,\000b\000,\000c\000,\000d\000,\000e\000,\000f\000\040\000d\000l\000a\000\040\000m\000=\0003}{section.4}% 10
\BOOKMARK [2][-]{subsection.4.2}{\376\377\000W\000y\000z\000n\000a\000c\000z\000a\000n\000i\000e\000\040\000l\000i\000c\000z\000b\000y\000\040\000K\000_\000a\000,\000b\000,\000c\000,\000d\000,\000e\000,\000f}{section.4}% 11
\BOOKMARK [3][-]{subsubsection.4.2.1}{\376\377\000H\000_\0001\000,\000\040\000p\000o\000d\000z\000i\000a\001\102\000\040\000n\000a\000\040\000p\000o\000d\000z\000b\000i\000o\000r\000y\000:\000\040\000\173\000\040\000a\000,\000b\000,\000c\000\040\000\175\000,\000\040\000\173\000\040\000d\000,\000e\000,\000f\000\040\000\175}{subsection.4.2}% 12
\BOOKMARK [3][-]{subsubsection.4.2.2}{\376\377\000H\000_\0002\000,\000\040\000p\000o\000d\000z\000i\000a\001\102\000\040\000n\000a\000\040\000p\000o\000d\000z\000b\000i\000o\000r\000y\000:\000\040\000\173\000\040\000a\000,\000b\000,\000d\000\040\000\175\000,\000\040\000\173\000\040\000c\000,\000e\000,\000f\000\040\000\175}{subsection.4.2}% 13
\BOOKMARK [3][-]{subsubsection.4.2.3}{\376\377\000H\000_\0003\000,\000\040\000p\000o\000d\000z\000i\000a\001\102\000\040\000n\000a\000\040\000p\000o\000d\000z\000b\000i\000o\000r\000y\000:\000\040\000\173\000\040\000a\000,\000b\000,\000e\000\040\000\175\000,\000\040\000\173\000\040\000c\000,\000d\000,\000f\000\040\000\175}{subsection.4.2}% 14
\BOOKMARK [3][-]{subsubsection.4.2.4}{\376\377\000H\000_\0004\000,\000\040\000p\000o\000d\000z\000i\000a\001\102\000\040\000n\000a\000\040\000p\000o\000d\000z\000b\000i\000o\000r\000y\000:\000\040\000\173\000\040\000a\000,\000b\000,\000f\000\040\000\175\000,\000\040\000\173\000\040\000c\000,\000d\000,\000e\000\040\000\175}{subsection.4.2}% 15
\BOOKMARK [3][-]{subsubsection.4.2.5}{\376\377\000H\000_\0005\000,\000\040\000p\000o\000d\000z\000i\000a\001\102\000\040\000n\000a\000\040\000p\000o\000d\000z\000b\000i\000o\000r\000y\000:\000\040\000\173\000\040\000a\000,\000c\000,\000d\000,\000\040\000\175\000,\000\040\000\173\000\040\000b\000,\000e\000,\000f\000\040\000\175}{subsection.4.2}% 16
\BOOKMARK [3][-]{subsubsection.4.2.6}{\376\377\000H\000_\0006\000,\000\040\000p\000o\000d\000z\000i\000a\001\102\000\040\000n\000a\000\040\000p\000o\000d\000z\000b\000i\000o\000r\000y\000:\000\040\000\173\000\040\000a\000,\000c\000,\000e\000\040\000\175\000,\000\040\000\173\000\040\000b\000,\000d\000,\000f\000\040\000\175}{subsection.4.2}% 17
\BOOKMARK [3][-]{subsubsection.4.2.7}{\376\377\000H\000_\0007\000,\000\040\000p\000o\000d\000z\000i\000a\001\102\000\040\000n\000a\000\040\000p\000o\000d\000z\000b\000i\000o\000r\000y\000:\000\040\000\173\000\040\000a\000,\000c\000,\000f\000\040\000\175\000,\000\040\000\173\000\040\000b\000,\000d\000,\000e\000\040\000\175}{subsection.4.2}% 18
\BOOKMARK [3][-]{subsubsection.4.2.8}{\376\377\000H\000_\0008\000,\000\040\000p\000o\000d\000z\000i\000a\001\102\000\040\000n\000a\000\040\000p\000o\000d\000z\000b\000i\000o\000r\000y\000:\000\040\000\173\000\040\000a\000,\000d\000,\000e\000\040\000\175\000,\000\040\000\173\000\040\000b\000,\000c\000,\000f\000\040\000\175}{subsection.4.2}% 19
\BOOKMARK [3][-]{subsubsection.4.2.9}{\376\377\000H\000_\0009\000,\000\040\000p\000o\000d\000z\000i\000a\001\102\000\040\000n\000a\000\040\000p\000o\000d\000z\000b\000i\000o\000r\000y\000:\000\040\000\173\000\040\000a\000,\000d\000,\000f\000\040\000\175\000,\000\040\000\173\000\040\000b\000,\000c\000,\000e\000\040\000\175}{subsection.4.2}% 20
\BOOKMARK [3][-]{subsubsection.4.2.10}{\376\377\000H\000_\0001\0000\000,\000\040\000p\000o\000d\000z\000i\000a\001\102\000\040\000n\000a\000\040\000p\000o\000d\000z\000b\000i\000o\000r\000y\000:\000\040\000\173\000\040\000a\000,\000e\000,\000f\000\040\000\175\000,\000\040\000\173\000\040\000b\000,\000c\000,\000d\000\040\000\175}{subsection.4.2}% 21
\BOOKMARK [2][-]{subsection.4.3}{\376\377\000W\000y\000z\000n\000a\000c\000z\000a\000n\000i\000e\000\040\000p\000r\000a\000w\000d\000o\000p\000o\000d\000o\000b\000i\000e\001\104\000s\000t\000w\000a\000\040\000p\000_\000K\000_\000a\000,\000b\000,\000c\000,\000d\000,\000e\000,\000f}{section.4}% 22
\BOOKMARK [2][-]{subsection.4.4}{\376\377\000W\000y\000z\000n\000a\000c\000z\000a\000n\000i\000e\000\040\000o\000c\000z\000e\000k\000i\000w\000a\000n\000e\000j\000\040\000l\000i\000c\000z\000b\000y\000\040\000K\000_\0003\000,\0003}{section.4}% 23
\BOOKMARK [2][-]{subsection.4.5}{\376\377\000E\000k\000s\000p\000e\000r\000y\000m\000e\000n\000t}{section.4}% 24
\BOOKMARK [1][-]{section.5}{\376\377\000O\000c\000z\000e\000k\000i\000w\000a\000n\000a\000\040\000l\000i\000c\000z\000b\000a\000\040\000p\000o\000d\000g\000r\000a\000f\000\363\000w\000\040\000b\001\031\000d\001\005\000c\000y\000c\000h\000\040\000p\000o\000d\000p\000o\000d\000z\000i\000a\001\102\000a\000m\000i\000\040\000K\000_\0005}{}% 25
